<?xml version="1.0" encoding="UTF-8" standalone="no"?>
<testsuite failures="0" name="cucumber.runtime.formatter.JUnitFormatter" skipped="0" tests="2" time="0.442068">
    <testcase classname="Free CRM app test" name="Free crm create deal test" time="0.439038">
        <system-out>
            <![CDATA[Given user is on the deals page.............................................passed
When Use fills the details..................................................passed
Then deal is created........................................................passed
]]>
        </system-out>
    </testcase>
    <testcase classname="Free CRM app test" name="Free crm create contactss test" time="0.00303">
        <system-out>
            <![CDATA[Given user is on the contactss page.........................................passed
When Use fillss the details.................................................passed
Then contact is created.....................................................passed
]]>
        </system-out>
    </testcase>
</testsuite>
